<?xml version="1.0" encoding="UTF-8"?>
<!-- Generated by org.testng.reporters.JUnitXMLReporter -->
<testsuite ignored="0" hostname="Sourabh-Gole" failures="0" tests="5" name="Default test" time="19.84" errors="0" timestamp="2025-03-16T14:32:10 IST">
  <testcase classname="pom.qa.opencart.tests.HomePageTest" name="homePageTitleTest" time="0.083"/>
  <testcase classname="pom.qa.opencart.tests.HomePageTest" name="homePageURLTest" time="0.008"/>
  <testcase classname="pom.qa.opencart.tests.HomePageTest" name="seachTest" time="0.543"/>
  <testcase classname="pom.qa.opencart.tests.HomePageTest" name="seachTest" time="0.587"/>
  <testcase classname="pom.qa.opencart.tests.HomePageTest" name="seachTest" time="0.485"/>
</testsuite> <!-- Default test -->
