<?xml version="1.0" encoding="UTF-8"?>
<!-- Generated by org.testng.reporters.JUnitXMLReporter -->
<testsuite ignored="0" hostname="Sourabh-Gole" failures="0" tests="3" name="Default test" time="18.949" errors="0" timestamp="2025-03-16T17:32:40 IST">
  <testcase classname="com.qa.opencart.tests.LoginPageTest" name="loginPageNavigationTest" time="0.469"/>
  <testcase classname="com.qa.opencart.tests.LoginPageTest" name="forgotLinkExistTest" time="0.049"/>
  <testcase classname="com.qa.opencart.tests.LoginPageTest" name="appLoginTest" time="0.658"/>
</testsuite> <!-- Default test -->
