<?xml version="1.0" encoding="UTF-8"?>
<!-- Generated by org.testng.reporters.JUnitXMLReporter -->
<testsuite ignored="0" hostname="Sourabh-Gole" failures="0" tests="5" name="Open Cart Home Page Test 1" time="21.115" errors="0" timestamp="2025-03-16T18:31:57 IST">
  <testcase classname="com.qa.opencart.tests.HomePageTest" name="homePageTitleTest" time="0.101"/>
  <testcase classname="com.qa.opencart.tests.HomePageTest" name="homePageURLTest" time="0.005"/>
  <testcase classname="com.qa.opencart.tests.HomePageTest" name="seachTest" time="0.728"/>
  <testcase classname="com.qa.opencart.tests.HomePageTest" name="seachTest" time="0.657"/>
  <testcase classname="com.qa.opencart.tests.HomePageTest" name="seachTest" time="0.591"/>
</testsuite> <!-- Open Cart Home Page Test 1 -->
