<?xml version="1.0" encoding="UTF-8"?>
<!-- Generated by org.testng.reporters.JUnitXMLReporter -->
<testsuite ignored="0" hostname="Sourabh-Gole" failures="0" tests="5" name="Open Cart Home Page Test 1" time="19.687" errors="0" timestamp="2025-03-16T17:35:52 IST">
  <testcase classname="com.qa.opencart.tests.HomePageTest" name="homePageTitleTest" time="0.111"/>
  <testcase classname="com.qa.opencart.tests.HomePageTest" name="homePageURLTest" time="0.012"/>
  <testcase classname="com.qa.opencart.tests.HomePageTest" name="seachTest" time="0.971"/>
  <testcase classname="com.qa.opencart.tests.HomePageTest" name="seachTest" time="0.678"/>
  <testcase classname="com.qa.opencart.tests.HomePageTest" name="seachTest" time="0.531"/>
</testsuite> <!-- Open Cart Home Page Test 1 -->
