<?xml version="1.0" encoding="UTF-8"?>
<!-- Generated by org.testng.reporters.JUnitXMLReporter -->
<testsuite ignored="0" hostname="Sourabh-Gole" failures="0" tests="3" name="Open Cart Login Page Test" time="20.752" errors="0" timestamp="2025-03-16T18:31:57 IST">
  <testcase classname="com.qa.opencart.tests.LoginPageTest" name="loginPageNavigationTest" time="0.675"/>
  <testcase classname="com.qa.opencart.tests.LoginPageTest" name="forgotLinkExistTest" time="0.094"/>
  <testcase classname="com.qa.opencart.tests.LoginPageTest" name="appLoginTest" time="1.006"/>
</testsuite> <!-- Open Cart Login Page Test -->
