<?xml version="1.0" encoding="UTF-8"?>
<!-- Generated by org.testng.reporters.JUnitXMLReporter -->
<testsuite ignored="0" hostname="Sourabh-Gole" failures="0" tests="5" name="Open Cart Home Page Test" time="21.98" errors="0" timestamp="2025-03-16T16:45:48 IST">
  <testcase classname="com.qa.opencart.tests.HomePageTest" name="homePageTitleTest" time="0.028"/>
  <testcase classname="com.qa.opencart.tests.HomePageTest" name="homePageURLTest" time="0.005"/>
  <testcase classname="com.qa.opencart.tests.HomePageTest" name="seachTest" time="0.921"/>
  <testcase classname="com.qa.opencart.tests.HomePageTest" name="seachTest" time="0.926"/>
  <testcase classname="com.qa.opencart.tests.HomePageTest" name="seachTest" time="0.867"/>
</testsuite> <!-- Open Cart Home Page Test -->
