<?xml version="1.0" encoding="UTF-8"?>
<testng-results ignored="0" total="5" passed="5" failed="0" skipped="0">
  <reporter-output>
  </reporter-output>
  <suite started-at="2025-03-16T14:31:50 IST" name="Default suite" finished-at="2025-03-16T14:32:10 IST" duration-ms="19840">
    <groups>
    </groups>
    <test started-at="2025-03-16T14:31:50 IST" name="Default test" finished-at="2025-03-16T14:32:10 IST" duration-ms="19840">
      <class name="pom.qa.opencart.tests.HomePageTest">
        <test-method is-config="true" signature="setup()[pri:0, instance:pom.qa.opencart.tests.HomePageTest@26794848]" started-at="2025-03-16T14:31:50 IST" name="setup" finished-at="2025-03-16T14:32:07 IST" duration-ms="17334" status="PASS">
          <reporter-output>
          </reporter-output>
        </test-method> <!-- setup -->
        <test-method signature="homePageTitleTest()[pri:0, instance:pom.qa.opencart.tests.HomePageTest@26794848]" started-at="2025-03-16T14:32:07 IST" name="homePageTitleTest" finished-at="2025-03-16T14:32:07 IST" duration-ms="83" status="PASS">
          <reporter-output>
          </reporter-output>
        </test-method> <!-- homePageTitleTest -->
        <test-method signature="homePageURLTest()[pri:0, instance:pom.qa.opencart.tests.HomePageTest@26794848]" started-at="2025-03-16T14:32:07 IST" name="homePageURLTest" finished-at="2025-03-16T14:32:07 IST" duration-ms="8" status="PASS">
          <reporter-output>
          </reporter-output>
        </test-method> <!-- homePageURLTest -->
        <test-method signature="seachTest(java.lang.String)[pri:0, instance:pom.qa.opencart.tests.HomePageTest@26794848]" started-at="2025-03-16T14:32:07 IST" name="seachTest" data-provider="getProductData" finished-at="2025-03-16T14:32:08 IST" duration-ms="543" status="PASS">
          <params>
            <param index="0">
              <value>
                <![CDATA[macbook]]>
              </value>
            </param>
          </params>
          <reporter-output>
          </reporter-output>
        </test-method> <!-- seachTest -->
        <test-method signature="seachTest(java.lang.String)[pri:0, instance:pom.qa.opencart.tests.HomePageTest@26794848]" started-at="2025-03-16T14:32:08 IST" name="seachTest" data-provider="getProductData" finished-at="2025-03-16T14:32:09 IST" duration-ms="587" status="PASS">
          <params>
            <param index="0">
              <value>
                <![CDATA[iMac]]>
              </value>
            </param>
          </params>
          <reporter-output>
          </reporter-output>
        </test-method> <!-- seachTest -->
        <test-method signature="seachTest(java.lang.String)[pri:0, instance:pom.qa.opencart.tests.HomePageTest@26794848]" started-at="2025-03-16T14:32:09 IST" name="seachTest" data-provider="getProductData" finished-at="2025-03-16T14:32:09 IST" duration-ms="485" status="PASS">
          <params>
            <param index="0">
              <value>
                <![CDATA[Samsung]]>
              </value>
            </param>
          </params>
          <reporter-output>
          </reporter-output>
        </test-method> <!-- seachTest -->
        <test-method is-config="true" signature="tearDown()[pri:0, instance:pom.qa.opencart.tests.HomePageTest@26794848]" started-at="2025-03-16T14:32:09 IST" name="tearDown" finished-at="2025-03-16T14:32:10 IST" duration-ms="654" status="PASS">
          <reporter-output>
          </reporter-output>
        </test-method> <!-- tearDown -->
      </class> <!-- pom.qa.opencart.tests.HomePageTest -->
    </test> <!-- Default test -->
  </suite> <!-- Default suite -->
</testng-results>
